ERROR - 2021-03-20 21:39:12 --> Error connecting to the database: No such file or directory
CRITICAL - 2021-03-20 21:39:12 --> Unable to connect to the database.
#0 /Users/mucahityilmaz/Desktop/kodluyoruz/Proje/mycalendar.live/system/Database/BaseConnection.php(618): CodeIgniter\Database\BaseConnection->initialize()
#1 /Users/mucahityilmaz/Desktop/kodluyoruz/Proje/mycalendar.live/system/Database/BaseBuilder.php(1866): CodeIgniter\Database\BaseConnection->query('SELECT `value`\n...', Array, false)
#2 /Users/mucahityilmaz/Desktop/kodluyoruz/Proje/mycalendar.live/system/Model.php(247): CodeIgniter\Database\BaseBuilder->get()
#3 /Users/mucahityilmaz/Desktop/kodluyoruz/Proje/mycalendar.live/system/BaseModel.php(624): CodeIgniter\Model->doFirst()
#4 /Users/mucahityilmaz/Desktop/kodluyoruz/Proje/mycalendar.live/app/Models/SettingsModel.php(32): CodeIgniter\BaseModel->first()
#5 /Users/mucahityilmaz/Desktop/kodluyoruz/Proje/mycalendar.live/app/Common.php(79): App\Models\SettingsModel->get('admin_url')
#6 /Users/mucahityilmaz/Desktop/kodluyoruz/Proje/mycalendar.live/app/Config/Routes.php(73): site_setting('admin_url')
#7 /Users/mucahityilmaz/Desktop/kodluyoruz/Proje/mycalendar.live/system/CodeIgniter.php(803): require('/Users/mucahity...')
#8 /Users/mucahityilmaz/Desktop/kodluyoruz/Proje/mycalendar.live/system/CodeIgniter.php(385): CodeIgniter\CodeIgniter->tryToRouteIt(Object(CodeIgniter\Router\RouteCollection))
#9 /Users/mucahityilmaz/Desktop/kodluyoruz/Proje/mycalendar.live/system/CodeIgniter.php(333): CodeIgniter\CodeIgniter->handleRequest(NULL, Object(Config\Cache), false)
#10 /Users/mucahityilmaz/Desktop/kodluyoruz/Proje/mycalendar.live/system/CLI/Console.php(61): CodeIgniter\CodeIgniter->run()
#11 /Users/mucahityilmaz/Desktop/kodluyoruz/Proje/mycalendar.live/spark(66): CodeIgniter\CLI\Console->run()
#12 {main}
ERROR - 2021-03-20 21:39:29 --> Error connecting to the database: No such file or directory
CRITICAL - 2021-03-20 21:39:29 --> Unable to connect to the database.
#0 /Users/mucahityilmaz/Desktop/kodluyoruz/Proje/mycalendar.live/system/Database/BaseConnection.php(618): CodeIgniter\Database\BaseConnection->initialize()
#1 /Users/mucahityilmaz/Desktop/kodluyoruz/Proje/mycalendar.live/system/Database/BaseBuilder.php(1866): CodeIgniter\Database\BaseConnection->query('SELECT `value`\n...', Array, false)
#2 /Users/mucahityilmaz/Desktop/kodluyoruz/Proje/mycalendar.live/system/Model.php(247): CodeIgniter\Database\BaseBuilder->get()
#3 /Users/mucahityilmaz/Desktop/kodluyoruz/Proje/mycalendar.live/system/BaseModel.php(624): CodeIgniter\Model->doFirst()
#4 /Users/mucahityilmaz/Desktop/kodluyoruz/Proje/mycalendar.live/app/Models/SettingsModel.php(32): CodeIgniter\BaseModel->first()
#5 /Users/mucahityilmaz/Desktop/kodluyoruz/Proje/mycalendar.live/app/Common.php(79): App\Models\SettingsModel->get('admin_url')
#6 /Users/mucahityilmaz/Desktop/kodluyoruz/Proje/mycalendar.live/app/Config/Routes.php(73): site_setting('admin_url')
#7 /Users/mucahityilmaz/Desktop/kodluyoruz/Proje/mycalendar.live/system/CodeIgniter.php(803): require('/Users/mucahity...')
#8 /Users/mucahityilmaz/Desktop/kodluyoruz/Proje/mycalendar.live/system/CodeIgniter.php(385): CodeIgniter\CodeIgniter->tryToRouteIt(Object(CodeIgniter\Router\RouteCollection))
#9 /Users/mucahityilmaz/Desktop/kodluyoruz/Proje/mycalendar.live/system/CodeIgniter.php(333): CodeIgniter\CodeIgniter->handleRequest(NULL, Object(Config\Cache), false)
#10 /Users/mucahityilmaz/Desktop/kodluyoruz/Proje/mycalendar.live/system/CLI/Console.php(61): CodeIgniter\CodeIgniter->run()
#11 /Users/mucahityilmaz/Desktop/kodluyoruz/Proje/mycalendar.live/spark(66): CodeIgniter\CLI\Console->run()
#12 {main}
ERROR - 2021-03-20 21:40:10 --> Error connecting to the database: Access denied for user '****'@'localhost' (using password: YES)
CRITICAL - 2021-03-20 21:40:10 --> Unable to connect to the database.
#0 /Users/mucahityilmaz/Desktop/kodluyoruz/Proje/mycalendar.live/system/Database/BaseConnection.php(618): CodeIgniter\Database\BaseConnection->initialize()
#1 /Users/mucahityilmaz/Desktop/kodluyoruz/Proje/mycalendar.live/system/Database/BaseBuilder.php(1866): CodeIgniter\Database\BaseConnection->query('SELECT `value`\n...', Array, false)
#2 /Users/mucahityilmaz/Desktop/kodluyoruz/Proje/mycalendar.live/system/Model.php(247): CodeIgniter\Database\BaseBuilder->get()
#3 /Users/mucahityilmaz/Desktop/kodluyoruz/Proje/mycalendar.live/system/BaseModel.php(624): CodeIgniter\Model->doFirst()
#4 /Users/mucahityilmaz/Desktop/kodluyoruz/Proje/mycalendar.live/app/Models/SettingsModel.php(32): CodeIgniter\BaseModel->first()
#5 /Users/mucahityilmaz/Desktop/kodluyoruz/Proje/mycalendar.live/app/Common.php(79): App\Models\SettingsModel->get('admin_url')
#6 /Users/mucahityilmaz/Desktop/kodluyoruz/Proje/mycalendar.live/app/Config/Routes.php(73): site_setting('admin_url')
#7 /Users/mucahityilmaz/Desktop/kodluyoruz/Proje/mycalendar.live/system/CodeIgniter.php(803): require('/Users/mucahity...')
#8 /Users/mucahityilmaz/Desktop/kodluyoruz/Proje/mycalendar.live/system/CodeIgniter.php(385): CodeIgniter\CodeIgniter->tryToRouteIt(Object(CodeIgniter\Router\RouteCollection))
#9 /Users/mucahityilmaz/Desktop/kodluyoruz/Proje/mycalendar.live/system/CodeIgniter.php(333): CodeIgniter\CodeIgniter->handleRequest(NULL, Object(Config\Cache), false)
#10 /Users/mucahityilmaz/Desktop/kodluyoruz/Proje/mycalendar.live/system/CLI/Console.php(61): CodeIgniter\CodeIgniter->run()
#11 /Users/mucahityilmaz/Desktop/kodluyoruz/Proje/mycalendar.live/spark(66): CodeIgniter\CLI\Console->run()
#12 {main}
ERROR - 2021-03-20 21:40:46 --> Error connecting to the database: Access denied for user '****'@'localhost' (using password: YES)
CRITICAL - 2021-03-20 21:40:46 --> Unable to connect to the database.
#0 /Users/mucahityilmaz/Desktop/kodluyoruz/Proje/mycalendar.live/system/Database/BaseConnection.php(618): CodeIgniter\Database\BaseConnection->initialize()
#1 /Users/mucahityilmaz/Desktop/kodluyoruz/Proje/mycalendar.live/system/Database/BaseBuilder.php(1866): CodeIgniter\Database\BaseConnection->query('SELECT `value`\n...', Array, false)
#2 /Users/mucahityilmaz/Desktop/kodluyoruz/Proje/mycalendar.live/system/Model.php(247): CodeIgniter\Database\BaseBuilder->get()
#3 /Users/mucahityilmaz/Desktop/kodluyoruz/Proje/mycalendar.live/system/BaseModel.php(624): CodeIgniter\Model->doFirst()
#4 /Users/mucahityilmaz/Desktop/kodluyoruz/Proje/mycalendar.live/app/Models/SettingsModel.php(32): CodeIgniter\BaseModel->first()
#5 /Users/mucahityilmaz/Desktop/kodluyoruz/Proje/mycalendar.live/app/Common.php(79): App\Models\SettingsModel->get('admin_url')
#6 /Users/mucahityilmaz/Desktop/kodluyoruz/Proje/mycalendar.live/app/Config/Routes.php(73): site_setting('admin_url')
#7 /Users/mucahityilmaz/Desktop/kodluyoruz/Proje/mycalendar.live/system/CodeIgniter.php(803): require('/Users/mucahity...')
#8 /Users/mucahityilmaz/Desktop/kodluyoruz/Proje/mycalendar.live/system/CodeIgniter.php(385): CodeIgniter\CodeIgniter->tryToRouteIt(Object(CodeIgniter\Router\RouteCollection))
#9 /Users/mucahityilmaz/Desktop/kodluyoruz/Proje/mycalendar.live/system/CodeIgniter.php(333): CodeIgniter\CodeIgniter->handleRequest(NULL, Object(Config\Cache), false)
#10 /Users/mucahityilmaz/Desktop/kodluyoruz/Proje/mycalendar.live/system/CLI/Console.php(61): CodeIgniter\CodeIgniter->run()
#11 /Users/mucahityilmaz/Desktop/kodluyoruz/Proje/mycalendar.live/spark(66): CodeIgniter\CLI\Console->run()
#12 {main}
ERROR - 2021-03-20 21:40:53 --> Error connecting to the database: Access denied for user '****'@'localhost' (using password: YES)
CRITICAL - 2021-03-20 21:40:53 --> Unable to connect to the database.
#0 /Users/mucahityilmaz/Desktop/kodluyoruz/Proje/mycalendar.live/system/Database/BaseConnection.php(618): CodeIgniter\Database\BaseConnection->initialize()
#1 /Users/mucahityilmaz/Desktop/kodluyoruz/Proje/mycalendar.live/system/Database/BaseBuilder.php(1866): CodeIgniter\Database\BaseConnection->query('SELECT `value`\n...', Array, false)
#2 /Users/mucahityilmaz/Desktop/kodluyoruz/Proje/mycalendar.live/system/Model.php(247): CodeIgniter\Database\BaseBuilder->get()
#3 /Users/mucahityilmaz/Desktop/kodluyoruz/Proje/mycalendar.live/system/BaseModel.php(624): CodeIgniter\Model->doFirst()
#4 /Users/mucahityilmaz/Desktop/kodluyoruz/Proje/mycalendar.live/app/Models/SettingsModel.php(32): CodeIgniter\BaseModel->first()
#5 /Users/mucahityilmaz/Desktop/kodluyoruz/Proje/mycalendar.live/app/Common.php(79): App\Models\SettingsModel->get('admin_url')
#6 /Users/mucahityilmaz/Desktop/kodluyoruz/Proje/mycalendar.live/app/Config/Routes.php(73): site_setting('admin_url')
#7 /Users/mucahityilmaz/Desktop/kodluyoruz/Proje/mycalendar.live/system/CodeIgniter.php(803): require('/Users/mucahity...')
#8 /Users/mucahityilmaz/Desktop/kodluyoruz/Proje/mycalendar.live/system/CodeIgniter.php(385): CodeIgniter\CodeIgniter->tryToRouteIt(Object(CodeIgniter\Router\RouteCollection))
#9 /Users/mucahityilmaz/Desktop/kodluyoruz/Proje/mycalendar.live/system/CodeIgniter.php(333): CodeIgniter\CodeIgniter->handleRequest(NULL, Object(Config\Cache), false)
#10 /Users/mucahityilmaz/Desktop/kodluyoruz/Proje/mycalendar.live/system/CLI/Console.php(61): CodeIgniter\CodeIgniter->run()
#11 /Users/mucahityilmaz/Desktop/kodluyoruz/Proje/mycalendar.live/spark(66): CodeIgniter\CLI\Console->run()
#12 {main}
ERROR - 2021-03-20 21:41:00 --> Error connecting to the database: Access denied for user '****'@'localhost' (using password: YES)
CRITICAL - 2021-03-20 21:41:00 --> Unable to connect to the database.
#0 /Users/mucahityilmaz/Desktop/kodluyoruz/Proje/mycalendar.live/system/Database/BaseConnection.php(618): CodeIgniter\Database\BaseConnection->initialize()
#1 /Users/mucahityilmaz/Desktop/kodluyoruz/Proje/mycalendar.live/system/Database/BaseBuilder.php(1866): CodeIgniter\Database\BaseConnection->query('SELECT `value`\n...', Array, false)
#2 /Users/mucahityilmaz/Desktop/kodluyoruz/Proje/mycalendar.live/system/Model.php(247): CodeIgniter\Database\BaseBuilder->get()
#3 /Users/mucahityilmaz/Desktop/kodluyoruz/Proje/mycalendar.live/system/BaseModel.php(624): CodeIgniter\Model->doFirst()
#4 /Users/mucahityilmaz/Desktop/kodluyoruz/Proje/mycalendar.live/app/Models/SettingsModel.php(32): CodeIgniter\BaseModel->first()
#5 /Users/mucahityilmaz/Desktop/kodluyoruz/Proje/mycalendar.live/app/Common.php(79): App\Models\SettingsModel->get('admin_url')
#6 /Users/mucahityilmaz/Desktop/kodluyoruz/Proje/mycalendar.live/app/Config/Routes.php(73): site_setting('admin_url')
#7 /Users/mucahityilmaz/Desktop/kodluyoruz/Proje/mycalendar.live/system/CodeIgniter.php(803): require('/Users/mucahity...')
#8 /Users/mucahityilmaz/Desktop/kodluyoruz/Proje/mycalendar.live/system/CodeIgniter.php(385): CodeIgniter\CodeIgniter->tryToRouteIt(Object(CodeIgniter\Router\RouteCollection))
#9 /Users/mucahityilmaz/Desktop/kodluyoruz/Proje/mycalendar.live/system/CodeIgniter.php(333): CodeIgniter\CodeIgniter->handleRequest(NULL, Object(Config\Cache), false)
#10 /Users/mucahityilmaz/Desktop/kodluyoruz/Proje/mycalendar.live/system/CLI/Console.php(61): CodeIgniter\CodeIgniter->run()
#11 /Users/mucahityilmaz/Desktop/kodluyoruz/Proje/mycalendar.live/spark(66): CodeIgniter\CLI\Console->run()
#12 {main}
ERROR - 2021-03-20 21:41:47 --> Error connecting to the database: The server requested authentication method unknown to the client
CRITICAL - 2021-03-20 21:41:47 --> Unable to connect to the database.
#0 /Users/mucahityilmaz/Desktop/kodluyoruz/Proje/mycalendar.live/system/Database/BaseConnection.php(618): CodeIgniter\Database\BaseConnection->initialize()
#1 /Users/mucahityilmaz/Desktop/kodluyoruz/Proje/mycalendar.live/system/Database/BaseBuilder.php(1866): CodeIgniter\Database\BaseConnection->query('SELECT `value`\n...', Array, false)
#2 /Users/mucahityilmaz/Desktop/kodluyoruz/Proje/mycalendar.live/system/Model.php(247): CodeIgniter\Database\BaseBuilder->get()
#3 /Users/mucahityilmaz/Desktop/kodluyoruz/Proje/mycalendar.live/system/BaseModel.php(624): CodeIgniter\Model->doFirst()
#4 /Users/mucahityilmaz/Desktop/kodluyoruz/Proje/mycalendar.live/app/Models/SettingsModel.php(32): CodeIgniter\BaseModel->first()
#5 /Users/mucahityilmaz/Desktop/kodluyoruz/Proje/mycalendar.live/app/Common.php(79): App\Models\SettingsModel->get('admin_url')
#6 /Users/mucahityilmaz/Desktop/kodluyoruz/Proje/mycalendar.live/app/Config/Routes.php(73): site_setting('admin_url')
#7 /Users/mucahityilmaz/Desktop/kodluyoruz/Proje/mycalendar.live/system/CodeIgniter.php(803): require('/Users/mucahity...')
#8 /Users/mucahityilmaz/Desktop/kodluyoruz/Proje/mycalendar.live/system/CodeIgniter.php(385): CodeIgniter\CodeIgniter->tryToRouteIt(Object(CodeIgniter\Router\RouteCollection))
#9 /Users/mucahityilmaz/Desktop/kodluyoruz/Proje/mycalendar.live/system/CodeIgniter.php(333): CodeIgniter\CodeIgniter->handleRequest(NULL, Object(Config\Cache), false)
#10 /Users/mucahityilmaz/Desktop/kodluyoruz/Proje/mycalendar.live/system/CLI/Console.php(61): CodeIgniter\CodeIgniter->run()
#11 /Users/mucahityilmaz/Desktop/kodluyoruz/Proje/mycalendar.live/spark(66): CodeIgniter\CLI\Console->run()
#12 {main}
ERROR - 2021-03-20 21:41:49 --> Error connecting to the database: The server requested authentication method unknown to the client
CRITICAL - 2021-03-20 21:41:49 --> Unable to connect to the database.
#0 /Users/mucahityilmaz/Desktop/kodluyoruz/Proje/mycalendar.live/system/Database/BaseConnection.php(618): CodeIgniter\Database\BaseConnection->initialize()
#1 /Users/mucahityilmaz/Desktop/kodluyoruz/Proje/mycalendar.live/system/Database/BaseBuilder.php(1866): CodeIgniter\Database\BaseConnection->query('SELECT `value`\n...', Array, false)
#2 /Users/mucahityilmaz/Desktop/kodluyoruz/Proje/mycalendar.live/system/Model.php(247): CodeIgniter\Database\BaseBuilder->get()
#3 /Users/mucahityilmaz/Desktop/kodluyoruz/Proje/mycalendar.live/system/BaseModel.php(624): CodeIgniter\Model->doFirst()
#4 /Users/mucahityilmaz/Desktop/kodluyoruz/Proje/mycalendar.live/app/Models/SettingsModel.php(32): CodeIgniter\BaseModel->first()
#5 /Users/mucahityilmaz/Desktop/kodluyoruz/Proje/mycalendar.live/app/Common.php(79): App\Models\SettingsModel->get('admin_url')
#6 /Users/mucahityilmaz/Desktop/kodluyoruz/Proje/mycalendar.live/app/Config/Routes.php(73): site_setting('admin_url')
#7 /Users/mucahityilmaz/Desktop/kodluyoruz/Proje/mycalendar.live/system/CodeIgniter.php(803): require('/Users/mucahity...')
#8 /Users/mucahityilmaz/Desktop/kodluyoruz/Proje/mycalendar.live/system/CodeIgniter.php(385): CodeIgniter\CodeIgniter->tryToRouteIt(Object(CodeIgniter\Router\RouteCollection))
#9 /Users/mucahityilmaz/Desktop/kodluyoruz/Proje/mycalendar.live/system/CodeIgniter.php(333): CodeIgniter\CodeIgniter->handleRequest(NULL, Object(Config\Cache), false)
#10 /Users/mucahityilmaz/Desktop/kodluyoruz/Proje/mycalendar.live/system/CLI/Console.php(61): CodeIgniter\CodeIgniter->run()
#11 /Users/mucahityilmaz/Desktop/kodluyoruz/Proje/mycalendar.live/spark(66): CodeIgniter\CLI\Console->run()
#12 {main}
